<?xml version="1.0" encoding="UTF-8"?>
<!-- Generated by org.testng.reporters.JUnitReportReporter -->
<testsuite hostname="DESKTOP-0VPJP2T" failures="0" tests="1" name="Practice.x2" time="0.016" errors="0" timestamp="2023-03-14T00:08:18 IST" skipped="0">
  <testcase classname="Practice.x2" name="beforeTestConf" time="0.016"/>
  <system-out/>
</testsuite> <!-- Practice.x2 -->
